右 < 8
王 < 8
貝 < 8
犬 < 8
校 < 8
左 < 8
糸 < 8
車 < 8
森 < 8
森 < 8!
千 < 8
千 < 8!
川 < 8
村 < 8
町 < 8
百 < 8
百 < 8!
林 < 8
夏 < 8
岩 < 8
汽 < 8
汽 < 8!
弓 < 8
牛 < 8
魚 < 8
戸 < 8
午 < 8
工 < 8
谷 < 8
才 < 8
矢 < 8
姉 < 8
寺 < 8
秋 < 8
週 < 8
春 < 8
西 < 8
船 < 8
池 < 8
弟 < 8
刀 < 8
答 < 8
南 < 8
麦 < 8
毎 < 8
妹 < 8
万 < 8
万 < 8!
友 < 8
曜 < 8
理 < 8
委 < 8
央 < 8
央 < 8!
界 < 8
階 < 8
漢 < 8
岸 < 8
究 < 8
級 < 8
球 < 8
局 < 8
銀 < 8
君 < 8
係 < 8
研 < 8
庫 < 8
湖 < 8
港 < 8
皿 < 8
詩 < 8
州 < 8
昭 < 8
昭 < 8!
章 < 8
族 < 8
炭 < 8
談 < 8
柱 < 8
帳 < 8
笛 < 8
鉄 < 8
豆 < 8
等 < 8
童 < 8
倍 < 8
畑 < 8
坂 < 8
秒 < 8
勉 < 8
勉 < 8!
由 < 8
羊 < 8
陽 < 8
緑 < 8
礼 < 8
昭 < 4!
茨 < 8
茨 < 8!
媛 < 8
媛 < 8!
岡 < 8
億 < 8
億 < 8!
貨 < 8
賀 < 8
械 < 8
害 < 8
潟 < 8
潟 < 8!
官 < 8
管 < 8
岐 < 8
希 < 8
鏡 < 8
熊 < 8
訓 < 8
軍 < 8
郡 < 8
径 < 8
験 < 8
功 < 8
候 < 8
康 < 8
佐 < 8
埼 < 8
埼 < 8!
崎 < 8
昨 < 8
察 < 8
氏 < 8
司 < 8
児 < 8
滋 < 8
滋 < 8!
鹿 < 8
周 < 8
唱 < 8
臣 < 8
井 < 8
倉 < 8
孫 < 8
隊 < 8
沖 < 8
兆 < 8
徒 < 8
努 < 8
努 < 8!
徳 < 8
栃 < 8
栃 < 8!
奈 < 8
梨 < 8
敗 < 8
博 < 8
阪 < 8
票 < 8
夫 < 8
府 < 8
阜 < 8
阜 < 8!
副 < 8
兵 < 8
牧 < 8
勇 < 8
令 < 8
録 < 8
衛 < 8
液 < 8
河 < 8
幹 < 8
紀 < 8
喜 < 8
久 < 8
旧 < 8
均 < 8
禁 < 8
潔 < 8
潔 < 8!
険 < 8
個 < 8
護 < 8
耕 < 8
航 < 8
鉱 < 8
査 < 8
災 < 8
妻 < 8
酸 < 8
賛 < 8
士 < 8
史 < 8
枝 < 8
師 < 8
識 < 8
舎 < 8
授 < 8
術 < 8
序 < 8
状 < 8
税 < 8
績 < 8
像 < 8
貯 < 8
堂 < 8
銅 < 8
非 < 8
婦 < 8
武 < 8
墓 < 8
豊 < 8
貿 < 8
脈 < 8
綿 < 8
輸 < 8
領 < 8
胃 < 8
宇 < 8
沿 < 8
恩 < 8
灰 < 8
閣 < 8
看 < 8
簡 < 8
机 < 8
揮 < 8
系 < 8
券 < 8
絹 < 8
憲 < 8
己 < 8
后 < 8
孝 < 8
皇 < 8
鋼 < 8
穀 < 8
困 < 8
冊 < 8
蚕 < 8
誌 < 8
磁 < 8
尺 < 8
樹 < 8
宗 < 8
衆 < 8
縦 < 8
純 < 8
署 < 8
諸 < 8
承 < 8
将 < 8
仁 < 8
寸 < 8
聖 < 8
誠 < 8
宣 < 8
専 < 8
泉 < 8
臓 < 8
誕 < 8
宙 < 8
忠 < 8
庁 < 8
腸 < 8
党 < 8
糖 < 8
派 < 8
肺 < 8
俳 < 8
班 < 8
晩 < 8
批 < 8
俵 < 8
陛 < 8
陛 < 8!
枚 < 8
盟 < 8
模 < 8
郵 < 8
幼 < 8
翌 < 8
卵 < 8
覧 < 8
律 < 8
臨 < 8
朗 < 8
陛 < 4!
緯 < 8
維 < 8
壱 < 8
壱 < 8!
鋭 < 8
援 < 8
鉛 < 8
憶 < 8
菓 < 8
箇 < 8
暇 < 8
雅 < 8
戒 < 8
較 < 8
獲 < 8
監 < 8
歓 < 8
勧 < 8
鑑 < 8
環 < 8
鬼 < 8
祈 < 8
儀 < 8
丘 < 8
朽 < 8
巨 < 8
距 < 8
驚 < 8
凶 < 8
軒 < 8
圏 < 8
玄 < 8
抗 < 8
稿 < 8
恒 < 8
豪 < 8
婚 < 8
鎖 < 8
歳 < 8
剤 < 8
伺 < 8
伺 < 8!
紫 < 8
芝 < 8
斜 < 8
釈 < 8
朱 < 8
趣 < 8
需 < 8
秀 < 8
獣 < 8
瞬 < 8
旬 < 8
盾 < 8
紹 < 8
沼 < 8
慎 < 8
薪 < 8
陣 < 8
是 < 8
征 < 8
姓 < 8
井 < 8
扇 < 8
燥 < 8
僧 < 8
贈 < 8
俗 < 8
拓 < 8
沢 < 8
濁 < 8
丹 < 8
淡 < 8
致 < 8
蓄 < 8
徴 < 8
抵 < 8
堤 < 8
滴 < 8
奴 < 8
唐 < 8
桃 < 8
塔 < 8
稲 < 8
胴 < 8
峠 < 8
峠 < 8!
鈍 < 8
弐 < 8
弐 < 8!
輩 < 8
杯 < 8
拍 < 8
販 < 8
搬 < 8
範 < 8
般 < 8
避 < 8
匹 < 8
匹 < 8!
浜 < 8
怖 < 8
膚 < 8
普 < 8
賦 < 8
噴 < 8
舗 < 8
峰 < 8
砲 < 8
肪 < 8
肪 < 8!
冒 < 8
傍 < 8
帽 < 8
凡 < 8
盆 < 8
漫 < 8
慢 < 8
妙 < 8
矛 < 8
娘 < 8
茂 < 8
紋 < 8
誉 < 8
翼 < 8
雷 < 8
療 < 8
隷 < 8
齢 < 8
暦 < 8
劣 < 8
烈 < 8
郎 < 8
壱 < 4!
肪 < 4!
閲 < 8
炎 < 8
宴 < 8
乙 < 8
卸 < 8
佳 < 8
餓 < 8
餓 < 8!
塊 < 8
慨 < 8
慨 < 8!
該 < 8
穫 < 8
穫 < 8!
郭 < 8
岳 < 8
喚 < 8
企 < 8
軌 < 8
棄 < 8
棋 < 8
既 < 8
岐 < 8
騎 < 8
犠 < 8
犠 < 8!
欺 < 8
欺 < 8!
菊 < 8
吉 < 8
喫 < 8
虐 < 8
虚 < 8
峡 < 8
緊 < 8
斤 < 8
斤 < 8!
偶 < 8
遇 < 8
啓 < 8
鶏 < 8
携 < 8
掲 < 8
刑 < 8
憩 < 8
契 < 8
鯨 < 8
倹 < 8
幻 < 8
顧 < 8
弧 < 8
孤 < 8
悟 < 8
娯 < 8
娯 < 8!
孔 < 8
拘 < 8
郊 < 8
巧 < 8
坑 < 8
慌 < 8
酵 < 8
克 < 8
獄 < 8
魂 < 8
紺 < 8
墾 < 8
墾 < 8!
債 < 8
錯 < 8
搾 < 8
撮 < 8
暫 < 8
暫 < 8!
祉 < 8
祉 < 8!
諮 < 8
諮 < 8!
侍 < 8
慈 < 8
疾 < 8
赦 < 8
殊 < 8
遵 < 8
遵 < 8!
徐 < 8
晶 < 8
掌 < 8
鐘 < 8
衝 < 8
匠 < 8
錠 < 8
嬢 < 8
冗 < 8
嘱 < 8
辱 < 8
審 < 8
粋 < 8
穂 < 8
随 < 8
髄 < 8
瀬 < 8
牲 < 8
牲 < 8!
婿 < 8
隻 < 8
斥 < 8
籍 < 8
摂 < 8
措 < 8
阻 < 8
礎 < 8
桑 < 8
葬 < 8
遭 < 8
遭 < 8!
促 < 8
賊 < 8
逮 < 8
逮 < 8!
胎 < 8
怠 < 8
滝 < 8
卓 < 8
択 < 8
諾 < 8
胆 < 8
鍛 < 8
稚 < 8
畜 < 8
窒 < 8
駐 < 8
抽 < 8
超 < 8
陳 < 8
鎮 < 8
墜 < 8
訂 < 8
帝 < 8
哲 < 8
斗 < 8
陶 < 8
痘 < 8
匿 < 8
篤 < 8
尿 < 8
婆 < 8
陪 < 8
伐 < 8
帆 < 8
伴 < 8
藩 < 8
畔 < 8
蛮 < 8
泌 < 8
碑 < 8
姫 < 8
漂 < 8
苗 < 8
赴 < 8
赴 < 8!
符 < 8
墳 < 8
癖 < 8
慕 < 8
簿 < 8
芳 < 8
胞 < 8
倣 < 8
邦 < 8
妨 < 8
謀 < 8
某 < 8
翻 < 8
膜 < 8
魅 < 8
幽 < 8
擁 < 8
擁 < 8!
濫 < 8
吏 < 8
隆 < 8
猟 < 8
陵 < 8
糧 < 8
厘 < 8
厘 < 8!
零 < 8
錬 < 8
廉 < 8
炉 < 8
廊 < 8
浪 < 8
楼 < 8
湾 < 8
欺 < 4!
斤 < 4!
娯 < 4!
諮 < 4!
厘 < 4!
